<?xml version="1.0" encoding="UTF-8"?>
<testng-results ignored="0" total="1" passed="1" failed="0" skipped="0">
  <reporter-output>
  </reporter-output>
  <suite started-at="2023-11-10T13:59:08 IST" name="Default suite" finished-at="2023-11-10T13:59:55 IST" duration-ms="46738">
    <groups>
    </groups>
    <test started-at="2023-11-10T13:59:08 IST" name="Default test" finished-at="2023-11-10T13:59:55 IST" duration-ms="46738">
      <class name="com.Clickbuzz.tests.LoginPageTest">
        <test-method signature="varifyLogin()[pri:0, instance:com.Clickbuzz.tests.LoginPageTest@3e58a80e]" started-at="2023-11-10T13:59:08 IST" name="varifyLogin" finished-at="2023-11-10T13:59:55 IST" duration-ms="46680" status="PASS">
          <reporter-output>
          </reporter-output>
        </test-method> <!-- varifyLogin -->
      </class> <!-- com.Clickbuzz.tests.LoginPageTest -->
    </test> <!-- Default test -->
  </suite> <!-- Default suite -->
</testng-results>
